2018-11-13 23:48:27,858 INFO o.a.j.u.JMeterUtils: Setting Locale to en_EN
2018-11-13 23:48:27,872 INFO o.a.j.JMeter: Loading user properties from: /root/jmeter/apache-jmeter-4.0/bin/user.properties
2018-11-13 23:48:27,872 INFO o.a.j.JMeter: Loading system properties from: /root/jmeter/apache-jmeter-4.0/bin/system.properties
2018-11-13 23:48:27,878 INFO o.a.j.JMeter: Copyright (c) 1998-2018 The Apache Software Foundation
2018-11-13 23:48:27,878 INFO o.a.j.JMeter: Version 4.0 r1823414
2018-11-13 23:48:27,878 INFO o.a.j.JMeter: java.version=1.8.0_171
2018-11-13 23:48:27,879 INFO o.a.j.JMeter: java.vm.name=OpenJDK 64-Bit Server VM
2018-11-13 23:48:27,879 INFO o.a.j.JMeter: os.name=Linux
2018-11-13 23:48:27,879 INFO o.a.j.JMeter: os.arch=amd64
2018-11-13 23:48:27,879 INFO o.a.j.JMeter: os.version=4.9.0-3-amd64
2018-11-13 23:48:27,879 INFO o.a.j.JMeter: file.encoding=UTF-8
2018-11-13 23:48:27,879 INFO o.a.j.JMeter: Max memory     =4294967296
2018-11-13 23:48:27,879 INFO o.a.j.JMeter: Available Processors =32
2018-11-13 23:48:27,883 INFO o.a.j.JMeter: Default Locale=English (EN)
2018-11-13 23:48:27,884 INFO o.a.j.JMeter: JMeter  Locale=English (EN)
2018-11-13 23:48:27,884 INFO o.a.j.JMeter: JMeterHome=/root/jmeter/apache-jmeter-4.0
2018-11-13 23:48:27,884 INFO o.a.j.JMeter: user.dir  =/root/tarso/CT007
2018-11-13 23:48:27,884 INFO o.a.j.JMeter: PWD       =/root/tarso/CT007
2018-11-13 23:48:27,884 INFO o.a.j.JMeter: IP: 10.22.200.5 Name: mpes-load FullName: mpes-load
2018-11-13 23:48:27,886 INFO o.a.j.JMeter: Setting property 'jmeter.reportgenerator.outputdir' to:'/root/tarso/CT007/dashboard-suap-teste10'
2018-11-13 23:48:27,890 INFO o.a.j.r.d.ReportGenerator: ReportGenerator will use for Parsing the separator: ','
2018-11-13 23:48:27,890 INFO o.a.j.r.d.ReportGenerator: Will only generate report from results file: suap-teste10.csv
2018-11-13 23:48:27,890 INFO o.a.j.r.d.ReportGenerator: Reading report generator properties from: /root/jmeter/apache-jmeter-4.0/bin/reportgenerator.properties
2018-11-13 23:48:27,891 INFO o.a.j.r.d.ReportGenerator: Merging with JMeter properties
2018-11-13 23:48:27,895 INFO o.a.j.r.c.ReportGeneratorConfiguration: Property 'jmeter.reportgenerator.temp_dir' not found, using default value 'temp' instead.
2018-11-13 23:48:27,898 INFO o.a.j.r.c.ReportGeneratorConfiguration: Property 'jmeter.reportgenerator.apdex_per_transaction' not found, using default value 'null' instead.
2018-11-13 23:48:27,901 INFO o.a.j.r.c.ReportGeneratorConfiguration: apdex_per_transaction : {} is empty, not APDEX per transaction customization
2018-11-13 23:48:27,901 INFO o.a.j.r.c.ReportGeneratorConfiguration: Property 'jmeter.reportgenerator.sample_filter' not found, using default value 'null' instead.
2018-11-13 23:48:27,901 INFO o.a.j.r.c.ReportGeneratorConfiguration: Property 'jmeter.reportgenerator.report_title' not found, using default value 'null' instead.
2018-11-13 23:48:27,901 INFO o.a.j.r.c.ReportGeneratorConfiguration: Property 'jmeter.reportgenerator.start_date' not found, using default value 'null' instead.
2018-11-13 23:48:27,901 INFO o.a.j.r.c.ReportGeneratorConfiguration: Property 'jmeter.reportgenerator.end_date' not found, using default value 'null' instead.
2018-11-13 23:48:27,901 INFO o.a.j.r.c.ReportGeneratorConfiguration: Property 'jmeter.reportgenerator.date_format' not found, using default value 'null' instead.
2018-11-13 23:48:27,902 INFO o.a.j.r.c.ReportGeneratorConfiguration: Will use date range start date: null, end date: null
2018-11-13 23:48:27,907 INFO o.a.j.r.c.ReportGeneratorConfiguration: Property 'jmeter.reportgenerator.graph.activeThreadsOverTime.exclude_controllers' not found, using default value 'false' instead.
2018-11-13 23:48:27,907 INFO o.a.j.r.c.ReportGeneratorConfiguration: Property 'jmeter.reportgenerator.graph.timeVsThreads.exclude_controllers' not found, using default value 'false' instead.
2018-11-13 23:48:27,907 INFO o.a.j.r.c.ReportGeneratorConfiguration: Property 'jmeter.reportgenerator.graph.responseTimeDistribution.exclude_controllers' not found, using default value 'false' instead.
2018-11-13 23:48:27,907 INFO o.a.j.r.c.ReportGeneratorConfiguration: Property 'jmeter.reportgenerator.graph.transactionsPerSecond.exclude_controllers' not found, using default value 'false' instead.
2018-11-13 23:48:27,907 INFO o.a.j.r.c.ReportGeneratorConfiguration: Property 'jmeter.reportgenerator.graph.responseTimePercentiles.exclude_controllers' not found, using default value 'false' instead.
2018-11-13 23:48:27,908 INFO o.a.j.r.c.ReportGeneratorConfiguration: Property 'jmeter.reportgenerator.graph.responseTimePercentilesOverTime.exclude_controllers' not found, using default value 'false' instead.
2018-11-13 23:48:27,908 INFO o.a.j.r.c.ReportGeneratorConfiguration: Property 'jmeter.reportgenerator.graph.responseTimesOverTime.exclude_controllers' not found, using default value 'false' instead.
2018-11-13 23:48:27,908 INFO o.a.j.r.c.ReportGeneratorConfiguration: Property 'jmeter.reportgenerator.graph.connectTimeOverTime.exclude_controllers' not found, using default value 'false' instead.
2018-11-13 23:48:27,908 INFO o.a.j.r.c.ReportGeneratorConfiguration: Property 'jmeter.reportgenerator.graph.latenciesOverTime.exclude_controllers' not found, using default value 'false' instead.
2018-11-13 23:48:27,909 INFO o.a.j.r.c.ReportGeneratorConfiguration: Property 'jmeter.reportgenerator.exporter.html.filters_only_sample_series' not found, using default value 'true' instead.
2018-11-13 23:48:27,909 INFO o.a.j.r.c.ReportGeneratorConfiguration: Property 'jmeter.reportgenerator.exporter.html.series_filter' not found, using default value '' instead.
2018-11-13 23:48:27,909 INFO o.a.j.r.c.ReportGeneratorConfiguration: Property 'jmeter.reportgenerator.exporter.html.show_controllers_only' not found, using default value 'false' instead.
2018-11-13 23:48:28,032 INFO o.a.j.s.SaveService: Testplan (JMX) version: 2.2. Testlog (JTL) version: 2.2
2018-11-13 23:48:28,044 INFO o.a.j.s.SaveService: Using SaveService properties file encoding UTF-8
2018-11-13 23:48:28,048 INFO o.a.j.s.SaveService: Using SaveService properties version 4.0
2018-11-13 23:48:28,078 INFO o.a.j.r.p.NormalizerSampleConsumer: Using format, 'ms', to parse timeStamp field
2018-11-13 23:48:28,356 INFO o.a.j.r.p.AbstractSampleConsumer: class org.apache.jmeter.report.processor.AggregateConsumer#stopProducing(): beginDate produced 0 samples
2018-11-13 23:48:28,356 INFO o.a.j.r.p.AbstractSampleConsumer: class org.apache.jmeter.report.processor.AggregateConsumer#stopProducing(): endDate produced 0 samples
2018-11-13 23:48:28,359 INFO o.a.j.r.p.AbstractSampleConsumer: class org.apache.jmeter.report.processor.ApdexSummaryConsumer#stopProducing(): apdexSummary produced 0 samples
2018-11-13 23:48:28,359 INFO o.a.j.r.p.AbstractSampleConsumer: class org.apache.jmeter.report.processor.RequestsSummaryConsumer#stopProducing(): requestsSummary produced 0 samples
2018-11-13 23:48:28,365 INFO o.a.j.r.p.AbstractSampleConsumer: class org.apache.jmeter.report.processor.StatisticsSummaryConsumer#stopProducing(): statisticsSummary produced 0 samples
2018-11-13 23:48:28,373 INFO o.a.j.r.p.AbstractSampleConsumer: class org.apache.jmeter.report.processor.Top5ErrorsBySamplerConsumer#stopProducing(): top5ErrorsBySampler produced 0 samples
2018-11-13 23:48:28,373 INFO o.a.j.r.p.AbstractSampleConsumer: class org.apache.jmeter.report.processor.ErrorsSummaryConsumer#stopProducing(): errorsSummary produced 0 samples
2018-11-13 23:48:28,373 INFO o.a.j.r.p.AbstractSampleConsumer: class org.apache.jmeter.report.processor.graph.impl.HitsPerSecondGraphConsumer#stopProducing(): hitsPerSecond produced 0 samples
2018-11-13 23:48:28,413 INFO o.a.j.r.p.AbstractSampleConsumer: class org.apache.jmeter.report.processor.graph.impl.LatencyVSRequestGraphConsumer#stopProducing(): latencyVsRequest produced 0 samples
2018-11-13 23:48:28,414 INFO o.a.j.r.p.AbstractSampleConsumer: class org.apache.jmeter.report.processor.graph.impl.SyntheticResponseTimeDistributionGraphConsumer#stopProducing(): syntheticResponseTimeDistribution produced 0 samples
2018-11-13 23:48:28,414 INFO o.a.j.r.p.AbstractSampleConsumer: class org.apache.jmeter.report.processor.graph.impl.BytesThroughputGraphConsumer#stopProducing(): bytesThroughputOverTime produced 0 samples
2018-11-13 23:48:28,415 INFO o.a.j.r.p.AbstractSampleConsumer: class org.apache.jmeter.report.processor.graph.impl.CodesPerSecondGraphConsumer#stopProducing(): codesPerSecond produced 0 samples
2018-11-13 23:48:28,438 INFO o.a.j.r.p.AbstractSampleConsumer: class org.apache.jmeter.report.processor.graph.impl.ResponseTimeVSRequestGraphConsumer#stopProducing(): responseTimeVsRequest produced 0 samples
2018-11-13 23:48:28,439 INFO o.a.j.r.p.AbstractSampleConsumer: class org.apache.jmeter.report.processor.FilterConsumer#stopProducing(): startIntervalControlerFilter produced 16023 samples
2018-11-13 23:48:28,439 INFO o.a.j.r.p.AbstractSampleConsumer: class org.apache.jmeter.report.processor.graph.impl.ActiveThreadsGraphConsumer#stopProducing(): activeThreadsOverTime produced 0 samples
2018-11-13 23:48:28,439 INFO o.a.j.r.p.AbstractSampleConsumer: class org.apache.jmeter.report.processor.graph.impl.TimeVSThreadGraphConsumer#stopProducing(): timeVsThreads produced 0 samples
2018-11-13 23:48:28,440 INFO o.a.j.r.p.AbstractSampleConsumer: class org.apache.jmeter.report.processor.graph.impl.ResponseTimeDistributionGraphConsumer#stopProducing(): responseTimeDistribution produced 0 samples
2018-11-13 23:48:28,442 INFO o.a.j.r.p.AbstractSampleConsumer: class org.apache.jmeter.report.processor.graph.impl.TransactionsPerSecondGraphConsumer#stopProducing(): transactionsPerSecond produced 0 samples
2018-11-13 23:48:28,442 INFO o.a.j.r.p.AbstractSampleConsumer: class org.apache.jmeter.report.processor.graph.impl.ResponseTimePercentilesGraphConsumer#stopProducing(): responseTimePercentiles produced 0 samples
2018-11-13 23:48:28,448 INFO o.a.j.r.p.AbstractSampleConsumer: class org.apache.jmeter.report.processor.graph.impl.ResponseTimePercentilesOverTimeGraphConsumer#stopProducing(): responseTimePercentilesOverTime produced 0 samples
2018-11-13 23:48:28,451 INFO o.a.j.r.p.AbstractSampleConsumer: class org.apache.jmeter.report.processor.graph.impl.ResponseTimeOverTimeGraphConsumer#stopProducing(): responseTimesOverTime produced 0 samples
2018-11-13 23:48:28,451 INFO o.a.j.r.p.AbstractSampleConsumer: class org.apache.jmeter.report.processor.graph.impl.ConnectTimeOverTimeGraphConsumer#stopProducing(): connectTimeOverTime produced 0 samples
2018-11-13 23:48:28,451 INFO o.a.j.r.p.AbstractSampleConsumer: class org.apache.jmeter.report.processor.graph.impl.LatencyOverTimeGraphConsumer#stopProducing(): latenciesOverTime produced 0 samples
2018-11-13 23:48:28,451 INFO o.a.j.r.p.AbstractSampleConsumer: class org.apache.jmeter.report.processor.FilterConsumer#stopProducing(): nameFilter produced 32046 samples
2018-11-13 23:48:28,451 INFO o.a.j.r.p.AbstractSampleConsumer: class org.apache.jmeter.report.processor.FilterConsumer#stopProducing(): dateRangeFilter produced 6867 samples
2018-11-13 23:48:28,451 INFO o.a.j.r.p.AbstractSampleConsumer: class org.apache.jmeter.report.processor.NormalizerSampleConsumer#stopProducing(): normalizer produced 2289 samples
2018-11-13 23:48:28,452 INFO o.a.j.r.p.CsvFileSampleSource: produce(): 2289 samples produced in 350ms on channel 0
2018-11-13 23:48:28,452 INFO o.a.j.r.d.ReportGenerator: Exporting data using exporter:'html' of className:'org.apache.jmeter.report.dashboard.HtmlTemplateExporter'
2018-11-13 23:48:28,455 INFO o.a.j.r.d.HtmlTemplateExporter: Will generate dashboard in folder: /root/tarso/CT007/dashboard-suap-teste10
2018-11-13 23:48:28,531 INFO o.a.j.r.d.HtmlTemplateExporter: Report will be generated in: /root/tarso/CT007/dashboard-suap-teste10, creating folder structure
