2018-10-12 23:05:16,268 INFO o.a.j.u.JMeterUtils: Setting Locale to en_EN
2018-10-12 23:05:16,284 INFO o.a.j.JMeter: Loading user properties from: /root/jmeter/apache-jmeter-4.0/bin/user.properties
2018-10-12 23:05:16,284 INFO o.a.j.JMeter: Loading system properties from: /root/jmeter/apache-jmeter-4.0/bin/system.properties
2018-10-12 23:05:16,289 INFO o.a.j.JMeter: Copyright (c) 1998-2018 The Apache Software Foundation
2018-10-12 23:05:16,289 INFO o.a.j.JMeter: Version 4.0 r1823414
2018-10-12 23:05:16,289 INFO o.a.j.JMeter: java.version=1.8.0_171
2018-10-12 23:05:16,289 INFO o.a.j.JMeter: java.vm.name=OpenJDK 64-Bit Server VM
2018-10-12 23:05:16,289 INFO o.a.j.JMeter: os.name=Linux
2018-10-12 23:05:16,289 INFO o.a.j.JMeter: os.arch=amd64
2018-10-12 23:05:16,289 INFO o.a.j.JMeter: os.version=4.9.0-3-amd64
2018-10-12 23:05:16,289 INFO o.a.j.JMeter: file.encoding=UTF-8
2018-10-12 23:05:16,289 INFO o.a.j.JMeter: Max memory     =4294967296
2018-10-12 23:05:16,289 INFO o.a.j.JMeter: Available Processors =32
2018-10-12 23:05:16,293 INFO o.a.j.JMeter: Default Locale=English (EN)
2018-10-12 23:05:16,293 INFO o.a.j.JMeter: JMeter  Locale=English (EN)
2018-10-12 23:05:16,293 INFO o.a.j.JMeter: JMeterHome=/root/jmeter/apache-jmeter-4.0
2018-10-12 23:05:16,293 INFO o.a.j.JMeter: user.dir  =/root/tarso/new/CT002
2018-10-12 23:05:16,294 INFO o.a.j.JMeter: PWD       =/root/tarso/new/CT002
2018-10-12 23:05:16,294 INFO o.a.j.JMeter: IP: 10.22.200.5 Name: mpes-load FullName: mpes-load
2018-10-12 23:05:16,295 INFO o.a.j.JMeter: Setting property 'jmeter.reportgenerator.outputdir' to:'/root/tarso/new/CT002/dashboard-suap-teste10'
2018-10-12 23:05:16,299 INFO o.a.j.r.d.ReportGenerator: ReportGenerator will use for Parsing the separator: ','
2018-10-12 23:05:16,299 INFO o.a.j.r.d.ReportGenerator: Will only generate report from results file: suap-teste10.csv
2018-10-12 23:05:16,299 INFO o.a.j.r.d.ReportGenerator: Reading report generator properties from: /root/jmeter/apache-jmeter-4.0/bin/reportgenerator.properties
2018-10-12 23:05:16,300 INFO o.a.j.r.d.ReportGenerator: Merging with JMeter properties
2018-10-12 23:05:16,304 INFO o.a.j.r.c.ReportGeneratorConfiguration: Property 'jmeter.reportgenerator.temp_dir' not found, using default value 'temp' instead.
2018-10-12 23:05:16,307 INFO o.a.j.r.c.ReportGeneratorConfiguration: Property 'jmeter.reportgenerator.apdex_per_transaction' not found, using default value 'null' instead.
2018-10-12 23:05:16,310 INFO o.a.j.r.c.ReportGeneratorConfiguration: apdex_per_transaction : {} is empty, not APDEX per transaction customization
2018-10-12 23:05:16,310 INFO o.a.j.r.c.ReportGeneratorConfiguration: Property 'jmeter.reportgenerator.sample_filter' not found, using default value 'null' instead.
2018-10-12 23:05:16,310 INFO o.a.j.r.c.ReportGeneratorConfiguration: Property 'jmeter.reportgenerator.report_title' not found, using default value 'null' instead.
2018-10-12 23:05:16,310 INFO o.a.j.r.c.ReportGeneratorConfiguration: Property 'jmeter.reportgenerator.start_date' not found, using default value 'null' instead.
2018-10-12 23:05:16,310 INFO o.a.j.r.c.ReportGeneratorConfiguration: Property 'jmeter.reportgenerator.end_date' not found, using default value 'null' instead.
2018-10-12 23:05:16,310 INFO o.a.j.r.c.ReportGeneratorConfiguration: Property 'jmeter.reportgenerator.date_format' not found, using default value 'null' instead.
2018-10-12 23:05:16,310 INFO o.a.j.r.c.ReportGeneratorConfiguration: Will use date range start date: null, end date: null
2018-10-12 23:05:16,315 INFO o.a.j.r.c.ReportGeneratorConfiguration: Property 'jmeter.reportgenerator.graph.activeThreadsOverTime.exclude_controllers' not found, using default value 'false' instead.
2018-10-12 23:05:16,315 INFO o.a.j.r.c.ReportGeneratorConfiguration: Property 'jmeter.reportgenerator.graph.timeVsThreads.exclude_controllers' not found, using default value 'false' instead.
2018-10-12 23:05:16,315 INFO o.a.j.r.c.ReportGeneratorConfiguration: Property 'jmeter.reportgenerator.graph.responseTimeDistribution.exclude_controllers' not found, using default value 'false' instead.
2018-10-12 23:05:16,316 INFO o.a.j.r.c.ReportGeneratorConfiguration: Property 'jmeter.reportgenerator.graph.transactionsPerSecond.exclude_controllers' not found, using default value 'false' instead.
2018-10-12 23:05:16,316 INFO o.a.j.r.c.ReportGeneratorConfiguration: Property 'jmeter.reportgenerator.graph.responseTimePercentiles.exclude_controllers' not found, using default value 'false' instead.
2018-10-12 23:05:16,316 INFO o.a.j.r.c.ReportGeneratorConfiguration: Property 'jmeter.reportgenerator.graph.responseTimePercentilesOverTime.exclude_controllers' not found, using default value 'false' instead.
2018-10-12 23:05:16,316 INFO o.a.j.r.c.ReportGeneratorConfiguration: Property 'jmeter.reportgenerator.graph.responseTimesOverTime.exclude_controllers' not found, using default value 'false' instead.
2018-10-12 23:05:16,316 INFO o.a.j.r.c.ReportGeneratorConfiguration: Property 'jmeter.reportgenerator.graph.connectTimeOverTime.exclude_controllers' not found, using default value 'false' instead.
2018-10-12 23:05:16,316 INFO o.a.j.r.c.ReportGeneratorConfiguration: Property 'jmeter.reportgenerator.graph.latenciesOverTime.exclude_controllers' not found, using default value 'false' instead.
2018-10-12 23:05:16,317 INFO o.a.j.r.c.ReportGeneratorConfiguration: Property 'jmeter.reportgenerator.exporter.html.filters_only_sample_series' not found, using default value 'true' instead.
2018-10-12 23:05:16,317 INFO o.a.j.r.c.ReportGeneratorConfiguration: Property 'jmeter.reportgenerator.exporter.html.series_filter' not found, using default value '' instead.
2018-10-12 23:05:16,317 INFO o.a.j.r.c.ReportGeneratorConfiguration: Property 'jmeter.reportgenerator.exporter.html.show_controllers_only' not found, using default value 'false' instead.
2018-10-12 23:05:16,439 INFO o.a.j.s.SaveService: Testplan (JMX) version: 2.2. Testlog (JTL) version: 2.2
2018-10-12 23:05:16,451 INFO o.a.j.s.SaveService: Using SaveService properties file encoding UTF-8
2018-10-12 23:05:16,455 INFO o.a.j.s.SaveService: Using SaveService properties version 4.0
2018-10-12 23:05:16,492 INFO o.a.j.r.p.NormalizerSampleConsumer: Using format, 'ms', to parse timeStamp field
2018-10-12 23:05:17,252 INFO o.a.j.r.p.AbstractSampleConsumer: class org.apache.jmeter.report.processor.AggregateConsumer#stopProducing(): beginDate produced 0 samples
2018-10-12 23:05:17,252 INFO o.a.j.r.p.AbstractSampleConsumer: class org.apache.jmeter.report.processor.AggregateConsumer#stopProducing(): endDate produced 0 samples
2018-10-12 23:05:17,254 INFO o.a.j.r.p.AbstractSampleConsumer: class org.apache.jmeter.report.processor.ApdexSummaryConsumer#stopProducing(): apdexSummary produced 0 samples
2018-10-12 23:05:17,254 INFO o.a.j.r.p.AbstractSampleConsumer: class org.apache.jmeter.report.processor.RequestsSummaryConsumer#stopProducing(): requestsSummary produced 0 samples
2018-10-12 23:05:17,265 INFO o.a.j.r.p.AbstractSampleConsumer: class org.apache.jmeter.report.processor.StatisticsSummaryConsumer#stopProducing(): statisticsSummary produced 0 samples
2018-10-12 23:05:17,272 INFO o.a.j.r.p.AbstractSampleConsumer: class org.apache.jmeter.report.processor.Top5ErrorsBySamplerConsumer#stopProducing(): top5ErrorsBySampler produced 0 samples
2018-10-12 23:05:17,272 INFO o.a.j.r.p.AbstractSampleConsumer: class org.apache.jmeter.report.processor.ErrorsSummaryConsumer#stopProducing(): errorsSummary produced 0 samples
2018-10-12 23:05:17,272 INFO o.a.j.r.p.AbstractSampleConsumer: class org.apache.jmeter.report.processor.graph.impl.HitsPerSecondGraphConsumer#stopProducing(): hitsPerSecond produced 0 samples
2018-10-12 23:05:17,421 INFO o.a.j.r.p.AbstractSampleConsumer: class org.apache.jmeter.report.processor.graph.impl.LatencyVSRequestGraphConsumer#stopProducing(): latencyVsRequest produced 0 samples
2018-10-12 23:05:17,423 INFO o.a.j.r.p.AbstractSampleConsumer: class org.apache.jmeter.report.processor.graph.impl.SyntheticResponseTimeDistributionGraphConsumer#stopProducing(): syntheticResponseTimeDistribution produced 0 samples
2018-10-12 23:05:17,424 INFO o.a.j.r.p.AbstractSampleConsumer: class org.apache.jmeter.report.processor.graph.impl.BytesThroughputGraphConsumer#stopProducing(): bytesThroughputOverTime produced 0 samples
2018-10-12 23:05:17,424 INFO o.a.j.r.p.AbstractSampleConsumer: class org.apache.jmeter.report.processor.graph.impl.CodesPerSecondGraphConsumer#stopProducing(): codesPerSecond produced 0 samples
2018-10-12 23:05:17,537 INFO o.a.j.r.p.AbstractSampleConsumer: class org.apache.jmeter.report.processor.graph.impl.ResponseTimeVSRequestGraphConsumer#stopProducing(): responseTimeVsRequest produced 0 samples
2018-10-12 23:05:17,539 INFO o.a.j.r.p.AbstractSampleConsumer: class org.apache.jmeter.report.processor.FilterConsumer#stopProducing(): startIntervalControlerFilter produced 96803 samples
2018-10-12 23:05:17,540 INFO o.a.j.r.p.AbstractSampleConsumer: class org.apache.jmeter.report.processor.graph.impl.ActiveThreadsGraphConsumer#stopProducing(): activeThreadsOverTime produced 0 samples
2018-10-12 23:05:17,540 INFO o.a.j.r.p.AbstractSampleConsumer: class org.apache.jmeter.report.processor.graph.impl.TimeVSThreadGraphConsumer#stopProducing(): timeVsThreads produced 0 samples
2018-10-12 23:05:17,542 INFO o.a.j.r.p.AbstractSampleConsumer: class org.apache.jmeter.report.processor.graph.impl.ResponseTimeDistributionGraphConsumer#stopProducing(): responseTimeDistribution produced 0 samples
2018-10-12 23:05:17,542 INFO o.a.j.r.p.AbstractSampleConsumer: class org.apache.jmeter.report.processor.graph.impl.TransactionsPerSecondGraphConsumer#stopProducing(): transactionsPerSecond produced 0 samples
2018-10-12 23:05:17,543 INFO o.a.j.r.p.AbstractSampleConsumer: class org.apache.jmeter.report.processor.graph.impl.ResponseTimePercentilesGraphConsumer#stopProducing(): responseTimePercentiles produced 0 samples
2018-10-12 23:05:17,567 INFO o.a.j.r.p.AbstractSampleConsumer: class org.apache.jmeter.report.processor.graph.impl.ResponseTimePercentilesOverTimeGraphConsumer#stopProducing(): responseTimePercentilesOverTime produced 0 samples
2018-10-12 23:05:17,575 INFO o.a.j.r.p.AbstractSampleConsumer: class org.apache.jmeter.report.processor.graph.impl.ResponseTimeOverTimeGraphConsumer#stopProducing(): responseTimesOverTime produced 0 samples
2018-10-12 23:05:17,575 INFO o.a.j.r.p.AbstractSampleConsumer: class org.apache.jmeter.report.processor.graph.impl.ConnectTimeOverTimeGraphConsumer#stopProducing(): connectTimeOverTime produced 0 samples
2018-10-12 23:05:17,575 INFO o.a.j.r.p.AbstractSampleConsumer: class org.apache.jmeter.report.processor.graph.impl.LatencyOverTimeGraphConsumer#stopProducing(): latenciesOverTime produced 0 samples
2018-10-12 23:05:17,575 INFO o.a.j.r.p.AbstractSampleConsumer: class org.apache.jmeter.report.processor.FilterConsumer#stopProducing(): nameFilter produced 193606 samples
2018-10-12 23:05:17,575 INFO o.a.j.r.p.AbstractSampleConsumer: class org.apache.jmeter.report.processor.FilterConsumer#stopProducing(): dateRangeFilter produced 41487 samples
2018-10-12 23:05:17,575 INFO o.a.j.r.p.AbstractSampleConsumer: class org.apache.jmeter.report.processor.NormalizerSampleConsumer#stopProducing(): normalizer produced 13829 samples
2018-10-12 23:05:17,576 INFO o.a.j.r.p.CsvFileSampleSource: produce(): 13829 samples produced in 1s 60 ms on channel 0
2018-10-12 23:05:17,576 INFO o.a.j.r.d.ReportGenerator: Exporting data using exporter:'html' of className:'org.apache.jmeter.report.dashboard.HtmlTemplateExporter'
2018-10-12 23:05:17,578 INFO o.a.j.r.d.HtmlTemplateExporter: Will generate dashboard in folder: /root/tarso/new/CT002/dashboard-suap-teste10
2018-10-12 23:05:17,659 INFO o.a.j.r.d.HtmlTemplateExporter: Report will be generated in: /root/tarso/new/CT002/dashboard-suap-teste10, creating folder structure
