2018-11-05 19:16:59,240 INFO o.a.j.u.JMeterUtils: Setting Locale to en_EN
2018-11-05 19:16:59,253 INFO o.a.j.JMeter: Loading user properties from: /root/jmeter/apache-jmeter-4.0/bin/user.properties
2018-11-05 19:16:59,253 INFO o.a.j.JMeter: Loading system properties from: /root/jmeter/apache-jmeter-4.0/bin/system.properties
2018-11-05 19:16:59,258 INFO o.a.j.JMeter: Copyright (c) 1998-2018 The Apache Software Foundation
2018-11-05 19:16:59,258 INFO o.a.j.JMeter: Version 4.0 r1823414
2018-11-05 19:16:59,258 INFO o.a.j.JMeter: java.version=1.8.0_171
2018-11-05 19:16:59,258 INFO o.a.j.JMeter: java.vm.name=OpenJDK 64-Bit Server VM
2018-11-05 19:16:59,258 INFO o.a.j.JMeter: os.name=Linux
2018-11-05 19:16:59,258 INFO o.a.j.JMeter: os.arch=amd64
2018-11-05 19:16:59,258 INFO o.a.j.JMeter: os.version=4.9.0-3-amd64
2018-11-05 19:16:59,258 INFO o.a.j.JMeter: file.encoding=UTF-8
2018-11-05 19:16:59,258 INFO o.a.j.JMeter: Max memory     =4294967296
2018-11-05 19:16:59,258 INFO o.a.j.JMeter: Available Processors =32
2018-11-05 19:16:59,262 INFO o.a.j.JMeter: Default Locale=English (EN)
2018-11-05 19:16:59,262 INFO o.a.j.JMeter: JMeter  Locale=English (EN)
2018-11-05 19:16:59,262 INFO o.a.j.JMeter: JMeterHome=/root/jmeter/apache-jmeter-4.0
2018-11-05 19:16:59,262 INFO o.a.j.JMeter: user.dir  =/root/tarso/CT006
2018-11-05 19:16:59,262 INFO o.a.j.JMeter: PWD       =/root/tarso/CT006
2018-11-05 19:16:59,263 INFO o.a.j.JMeter: IP: 10.22.200.5 Name: mpes-load FullName: mpes-load
2018-11-05 19:16:59,264 INFO o.a.j.JMeter: Setting property 'jmeter.reportgenerator.outputdir' to:'/root/tarso/CT006/dashboard-suap-teste10'
2018-11-05 19:16:59,268 INFO o.a.j.r.d.ReportGenerator: ReportGenerator will use for Parsing the separator: ','
2018-11-05 19:16:59,268 INFO o.a.j.r.d.ReportGenerator: Will only generate report from results file: suap-teste10.csv
2018-11-05 19:16:59,268 INFO o.a.j.r.d.ReportGenerator: Reading report generator properties from: /root/jmeter/apache-jmeter-4.0/bin/reportgenerator.properties
2018-11-05 19:16:59,269 INFO o.a.j.r.d.ReportGenerator: Merging with JMeter properties
2018-11-05 19:16:59,273 INFO o.a.j.r.c.ReportGeneratorConfiguration: Property 'jmeter.reportgenerator.temp_dir' not found, using default value 'temp' instead.
2018-11-05 19:16:59,275 INFO o.a.j.r.c.ReportGeneratorConfiguration: Property 'jmeter.reportgenerator.apdex_per_transaction' not found, using default value 'null' instead.
2018-11-05 19:16:59,278 INFO o.a.j.r.c.ReportGeneratorConfiguration: apdex_per_transaction : {} is empty, not APDEX per transaction customization
2018-11-05 19:16:59,278 INFO o.a.j.r.c.ReportGeneratorConfiguration: Property 'jmeter.reportgenerator.sample_filter' not found, using default value 'null' instead.
2018-11-05 19:16:59,278 INFO o.a.j.r.c.ReportGeneratorConfiguration: Property 'jmeter.reportgenerator.report_title' not found, using default value 'null' instead.
2018-11-05 19:16:59,278 INFO o.a.j.r.c.ReportGeneratorConfiguration: Property 'jmeter.reportgenerator.start_date' not found, using default value 'null' instead.
2018-11-05 19:16:59,279 INFO o.a.j.r.c.ReportGeneratorConfiguration: Property 'jmeter.reportgenerator.end_date' not found, using default value 'null' instead.
2018-11-05 19:16:59,279 INFO o.a.j.r.c.ReportGeneratorConfiguration: Property 'jmeter.reportgenerator.date_format' not found, using default value 'null' instead.
2018-11-05 19:16:59,279 INFO o.a.j.r.c.ReportGeneratorConfiguration: Will use date range start date: null, end date: null
2018-11-05 19:16:59,284 INFO o.a.j.r.c.ReportGeneratorConfiguration: Property 'jmeter.reportgenerator.graph.activeThreadsOverTime.exclude_controllers' not found, using default value 'false' instead.
2018-11-05 19:16:59,284 INFO o.a.j.r.c.ReportGeneratorConfiguration: Property 'jmeter.reportgenerator.graph.timeVsThreads.exclude_controllers' not found, using default value 'false' instead.
2018-11-05 19:16:59,284 INFO o.a.j.r.c.ReportGeneratorConfiguration: Property 'jmeter.reportgenerator.graph.responseTimeDistribution.exclude_controllers' not found, using default value 'false' instead.
2018-11-05 19:16:59,284 INFO o.a.j.r.c.ReportGeneratorConfiguration: Property 'jmeter.reportgenerator.graph.transactionsPerSecond.exclude_controllers' not found, using default value 'false' instead.
2018-11-05 19:16:59,284 INFO o.a.j.r.c.ReportGeneratorConfiguration: Property 'jmeter.reportgenerator.graph.responseTimePercentiles.exclude_controllers' not found, using default value 'false' instead.
2018-11-05 19:16:59,284 INFO o.a.j.r.c.ReportGeneratorConfiguration: Property 'jmeter.reportgenerator.graph.responseTimePercentilesOverTime.exclude_controllers' not found, using default value 'false' instead.
2018-11-05 19:16:59,284 INFO o.a.j.r.c.ReportGeneratorConfiguration: Property 'jmeter.reportgenerator.graph.responseTimesOverTime.exclude_controllers' not found, using default value 'false' instead.
2018-11-05 19:16:59,284 INFO o.a.j.r.c.ReportGeneratorConfiguration: Property 'jmeter.reportgenerator.graph.connectTimeOverTime.exclude_controllers' not found, using default value 'false' instead.
2018-11-05 19:16:59,285 INFO o.a.j.r.c.ReportGeneratorConfiguration: Property 'jmeter.reportgenerator.graph.latenciesOverTime.exclude_controllers' not found, using default value 'false' instead.
2018-11-05 19:16:59,285 INFO o.a.j.r.c.ReportGeneratorConfiguration: Property 'jmeter.reportgenerator.exporter.html.filters_only_sample_series' not found, using default value 'true' instead.
2018-11-05 19:16:59,285 INFO o.a.j.r.c.ReportGeneratorConfiguration: Property 'jmeter.reportgenerator.exporter.html.series_filter' not found, using default value '' instead.
2018-11-05 19:16:59,286 INFO o.a.j.r.c.ReportGeneratorConfiguration: Property 'jmeter.reportgenerator.exporter.html.show_controllers_only' not found, using default value 'false' instead.
2018-11-05 19:16:59,397 INFO o.a.j.s.SaveService: Testplan (JMX) version: 2.2. Testlog (JTL) version: 2.2
2018-11-05 19:16:59,408 INFO o.a.j.s.SaveService: Using SaveService properties file encoding UTF-8
2018-11-05 19:16:59,412 INFO o.a.j.s.SaveService: Using SaveService properties version 4.0
2018-11-05 19:16:59,446 INFO o.a.j.r.p.NormalizerSampleConsumer: Using format, 'ms', to parse timeStamp field
2018-11-05 19:17:00,439 INFO o.a.j.r.p.AbstractSampleConsumer: class org.apache.jmeter.report.processor.AggregateConsumer#stopProducing(): beginDate produced 0 samples
2018-11-05 19:17:00,439 INFO o.a.j.r.p.AbstractSampleConsumer: class org.apache.jmeter.report.processor.AggregateConsumer#stopProducing(): endDate produced 0 samples
2018-11-05 19:17:00,441 INFO o.a.j.r.p.AbstractSampleConsumer: class org.apache.jmeter.report.processor.ApdexSummaryConsumer#stopProducing(): apdexSummary produced 0 samples
2018-11-05 19:17:00,441 INFO o.a.j.r.p.AbstractSampleConsumer: class org.apache.jmeter.report.processor.RequestsSummaryConsumer#stopProducing(): requestsSummary produced 0 samples
2018-11-05 19:17:00,453 INFO o.a.j.r.p.AbstractSampleConsumer: class org.apache.jmeter.report.processor.StatisticsSummaryConsumer#stopProducing(): statisticsSummary produced 0 samples
2018-11-05 19:17:00,459 INFO o.a.j.r.p.AbstractSampleConsumer: class org.apache.jmeter.report.processor.Top5ErrorsBySamplerConsumer#stopProducing(): top5ErrorsBySampler produced 0 samples
2018-11-05 19:17:00,460 INFO o.a.j.r.p.AbstractSampleConsumer: class org.apache.jmeter.report.processor.ErrorsSummaryConsumer#stopProducing(): errorsSummary produced 0 samples
2018-11-05 19:17:00,460 INFO o.a.j.r.p.AbstractSampleConsumer: class org.apache.jmeter.report.processor.graph.impl.HitsPerSecondGraphConsumer#stopProducing(): hitsPerSecond produced 0 samples
2018-11-05 19:17:00,651 INFO o.a.j.r.p.AbstractSampleConsumer: class org.apache.jmeter.report.processor.graph.impl.LatencyVSRequestGraphConsumer#stopProducing(): latencyVsRequest produced 0 samples
2018-11-05 19:17:00,654 INFO o.a.j.r.p.AbstractSampleConsumer: class org.apache.jmeter.report.processor.graph.impl.SyntheticResponseTimeDistributionGraphConsumer#stopProducing(): syntheticResponseTimeDistribution produced 0 samples
2018-11-05 19:17:00,654 INFO o.a.j.r.p.AbstractSampleConsumer: class org.apache.jmeter.report.processor.graph.impl.BytesThroughputGraphConsumer#stopProducing(): bytesThroughputOverTime produced 0 samples
2018-11-05 19:17:00,655 INFO o.a.j.r.p.AbstractSampleConsumer: class org.apache.jmeter.report.processor.graph.impl.CodesPerSecondGraphConsumer#stopProducing(): codesPerSecond produced 0 samples
2018-11-05 19:17:00,854 INFO o.a.j.r.p.AbstractSampleConsumer: class org.apache.jmeter.report.processor.graph.impl.ResponseTimeVSRequestGraphConsumer#stopProducing(): responseTimeVsRequest produced 0 samples
2018-11-05 19:17:00,856 INFO o.a.j.r.p.AbstractSampleConsumer: class org.apache.jmeter.report.processor.FilterConsumer#stopProducing(): startIntervalControlerFilter produced 151809 samples
2018-11-05 19:17:00,857 INFO o.a.j.r.p.AbstractSampleConsumer: class org.apache.jmeter.report.processor.graph.impl.ActiveThreadsGraphConsumer#stopProducing(): activeThreadsOverTime produced 0 samples
2018-11-05 19:17:00,857 INFO o.a.j.r.p.AbstractSampleConsumer: class org.apache.jmeter.report.processor.graph.impl.TimeVSThreadGraphConsumer#stopProducing(): timeVsThreads produced 0 samples
2018-11-05 19:17:00,861 INFO o.a.j.r.p.AbstractSampleConsumer: class org.apache.jmeter.report.processor.graph.impl.ResponseTimeDistributionGraphConsumer#stopProducing(): responseTimeDistribution produced 0 samples
2018-11-05 19:17:00,862 INFO o.a.j.r.p.AbstractSampleConsumer: class org.apache.jmeter.report.processor.graph.impl.TransactionsPerSecondGraphConsumer#stopProducing(): transactionsPerSecond produced 0 samples
2018-11-05 19:17:00,862 INFO o.a.j.r.p.AbstractSampleConsumer: class org.apache.jmeter.report.processor.graph.impl.ResponseTimePercentilesGraphConsumer#stopProducing(): responseTimePercentiles produced 0 samples
2018-11-05 19:17:00,873 INFO o.a.j.r.p.AbstractSampleConsumer: class org.apache.jmeter.report.processor.graph.impl.ResponseTimePercentilesOverTimeGraphConsumer#stopProducing(): responseTimePercentilesOverTime produced 0 samples
2018-11-05 19:17:00,879 INFO o.a.j.r.p.AbstractSampleConsumer: class org.apache.jmeter.report.processor.graph.impl.ResponseTimeOverTimeGraphConsumer#stopProducing(): responseTimesOverTime produced 0 samples
2018-11-05 19:17:00,879 INFO o.a.j.r.p.AbstractSampleConsumer: class org.apache.jmeter.report.processor.graph.impl.ConnectTimeOverTimeGraphConsumer#stopProducing(): connectTimeOverTime produced 0 samples
2018-11-05 19:17:00,879 INFO o.a.j.r.p.AbstractSampleConsumer: class org.apache.jmeter.report.processor.graph.impl.LatencyOverTimeGraphConsumer#stopProducing(): latenciesOverTime produced 0 samples
2018-11-05 19:17:00,879 INFO o.a.j.r.p.AbstractSampleConsumer: class org.apache.jmeter.report.processor.FilterConsumer#stopProducing(): nameFilter produced 303618 samples
2018-11-05 19:17:00,880 INFO o.a.j.r.p.AbstractSampleConsumer: class org.apache.jmeter.report.processor.FilterConsumer#stopProducing(): dateRangeFilter produced 65061 samples
2018-11-05 19:17:00,880 INFO o.a.j.r.p.AbstractSampleConsumer: class org.apache.jmeter.report.processor.NormalizerSampleConsumer#stopProducing(): normalizer produced 21687 samples
2018-11-05 19:17:00,880 INFO o.a.j.r.p.CsvFileSampleSource: produce(): 21687 samples produced in 1s 412 ms on channel 0
2018-11-05 19:17:00,880 INFO o.a.j.r.d.ReportGenerator: Exporting data using exporter:'html' of className:'org.apache.jmeter.report.dashboard.HtmlTemplateExporter'
2018-11-05 19:17:00,883 INFO o.a.j.r.d.HtmlTemplateExporter: Will generate dashboard in folder: /root/tarso/CT006/dashboard-suap-teste10
2018-11-05 19:17:00,958 INFO o.a.j.r.d.HtmlTemplateExporter: Report will be generated in: /root/tarso/CT006/dashboard-suap-teste10, creating folder structure
